<?xml version="1.0" encoding="UTF-8"?>
<!-- Generated by org.testng.reporters.JUnitXMLReporter -->
<testsuite ignored="0" hostname="DESKTOP-BA9S0CO" failures="1" tests="4" name="onChrome" time="17.802" errors="0" timestamp="14 Mar 2021 11:10:09 GMT">
  <testcase classname="SelectTest" name="selecetFreeTest" time="0.732"/>
  <testcase classname="SelectTest" name="selecetFreeTest" time="0.035"/>
  <testcase classname="SelectTest" name="selecetFreeTest" time="0.035">
    <failure type="java.lang.AssertionError" message="expected object to not be null">
      <![CDATA[java.lang.AssertionError: expected object to not be null
at SelectTest.selecetFreeTest(SelectTest.java:67)
at java.base/java.util.concurrent.FutureTask.run(FutureTask.java:264)
at java.base/java.util.concurrent.ThreadPoolExecutor.runWorker(ThreadPoolExecutor.java:1130)
at java.base/java.util.concurrent.ThreadPoolExecutor$Worker.run(ThreadPoolExecutor.java:630)
at java.base/java.lang.Thread.run(Thread.java:832)
... Removed 19 stack frames]]>
    </failure>
  </testcase> <!-- selecetFreeTest -->
  <testcase classname="SelectTest" name="selecetFreeTest" time="0.031"/>
</testsuite> <!-- onChrome -->
