<?xml version="1.0" encoding="UTF-8"?>
<testng-results ignored="0" total="4" passed="3" failed="1" skipped="0">
  <reporter-output>
  </reporter-output>
  <suite started-at="2021-03-14T11:09:51Z" name="reg" finished-at="2021-03-14T11:10:09Z" duration-ms="17802">
    <groups>
    </groups>
    <test started-at="2021-03-14T11:09:51Z" name="onChrome" finished-at="2021-03-14T11:10:09Z" duration-ms="17802">
      <class name="SelectTest">
        <test-method is-config="true" signature="homeInit(java.lang.String)[pri:0, instance:SelectTest@161b062a]" started-at="2021-03-14T11:09:51Z" name="homeInit" finished-at="2021-03-14T11:10:07Z" duration-ms="15531" status="PASS">
          <params>
            <param index="0">
              <value>
                <![CDATA[Chrome]]>
              </value>
            </param>
          </params>
          <reporter-output>
          </reporter-output>
        </test-method> <!-- homeInit -->
        <test-method signature="selecetFreeTest(java.lang.String)[pri:0, instance:SelectTest@161b062a]" started-at="2021-03-14T11:10:07Z" name="selecetFreeTest" data-provider="selectDocumentDataProvider" finished-at="2021-03-14T11:10:07Z" duration-ms="732" status="PASS">
          <params>
            <param index="0">
              <value>
                <![CDATA[20-Day Preliminary Notice]]>
              </value>
            </param>
          </params>
          <reporter-output>
          </reporter-output>
        </test-method> <!-- selecetFreeTest -->
        <test-method signature="selecetFreeTest(java.lang.String)[pri:0, instance:SelectTest@161b062a]" started-at="2021-03-14T11:10:07Z" name="selecetFreeTest" data-provider="selectDocumentDataProvider" finished-at="2021-03-14T11:10:07Z" duration-ms="35" status="PASS">
          <params>
            <param index="0">
              <value>
                <![CDATA[Notice of Intent to Lien]]>
              </value>
            </param>
          </params>
          <reporter-output>
          </reporter-output>
        </test-method> <!-- selecetFreeTest -->
        <test-method signature="selecetFreeTest(java.lang.String)[pri:0, instance:SelectTest@161b062a]" started-at="2021-03-14T11:10:07Z" name="selecetFreeTest" data-provider="selectDocumentDataProvider" finished-at="2021-03-14T11:10:08Z" duration-ms="35" status="FAIL">
          <params>
            <param index="0">
              <value>
                <![CDATA[Lien / Bond Claim]]>
              </value>
            </param>
          </params>
          <exception class="java.lang.AssertionError">
            <message>
              <![CDATA[expected object to not be null]]>
            </message>
            <full-stacktrace>
              <![CDATA[java.lang.AssertionError: expected object to not be null
at org.testng.Assert.fail(Assert.java:96)
at org.testng.Assert.assertNotNull(Assert.java:686)
at org.testng.Assert.assertNotNull(Assert.java:671)
at SelectTest.selecetFreeTest(SelectTest.java:67)
at java.base/jdk.internal.reflect.NativeMethodAccessorImpl.invoke0(Native Method)
at java.base/jdk.internal.reflect.NativeMethodAccessorImpl.invoke(NativeMethodAccessorImpl.java:64)
at java.base/jdk.internal.reflect.DelegatingMethodAccessorImpl.invoke(DelegatingMethodAccessorImpl.java:43)
at java.base/java.lang.reflect.Method.invoke(Method.java:564)
at org.testng.internal.MethodInvocationHelper.invokeMethod(MethodInvocationHelper.java:124)
at org.testng.internal.Invoker.invokeMethod(Invoker.java:583)
at org.testng.internal.Invoker.invokeTestMethod(Invoker.java:719)
at org.testng.internal.Invoker.invokeTestMethods(Invoker.java:989)
at org.testng.internal.TestMethodWorker.invokeTestMethods(TestMethodWorker.java:125)
at org.testng.internal.TestMethodWorker.run(TestMethodWorker.java:109)
at org.testng.TestRunner.privateRun(TestRunner.java:648)
at org.testng.TestRunner.run(TestRunner.java:505)
at org.testng.SuiteRunner.runTest(SuiteRunner.java:455)
at org.testng.SuiteRunner.access$000(SuiteRunner.java:40)
at org.testng.SuiteRunner$SuiteWorker.run(SuiteRunner.java:489)
at org.testng.internal.thread.ThreadUtil$1.call(ThreadUtil.java:52)
at java.base/java.util.concurrent.FutureTask.run(FutureTask.java:264)
at java.base/java.util.concurrent.ThreadPoolExecutor.runWorker(ThreadPoolExecutor.java:1130)
at java.base/java.util.concurrent.ThreadPoolExecutor$Worker.run(ThreadPoolExecutor.java:630)
at java.base/java.lang.Thread.run(Thread.java:832)
]]>
            </full-stacktrace>
          </exception> <!-- java.lang.AssertionError -->
          <reporter-output>
          </reporter-output>
        </test-method> <!-- selecetFreeTest -->
        <test-method signature="selecetFreeTest(java.lang.String)[pri:0, instance:SelectTest@161b062a]" started-at="2021-03-14T11:10:08Z" name="selecetFreeTest" data-provider="selectDocumentDataProvider" finished-at="2021-03-14T11:10:08Z" duration-ms="31" status="PASS">
          <params>
            <param index="0">
              <value>
                <![CDATA[Lien Waiver]]>
              </value>
            </param>
          </params>
          <reporter-output>
          </reporter-output>
        </test-method> <!-- selecetFreeTest -->
        <test-method is-config="true" signature="endOfTest()[pri:0, instance:SelectTest@161b062a]" started-at="2021-03-14T11:10:08Z" name="endOfTest" finished-at="2021-03-14T11:10:09Z" duration-ms="1384" status="PASS">
          <reporter-output>
          </reporter-output>
        </test-method> <!-- endOfTest -->
      </class> <!-- SelectTest -->
    </test> <!-- onChrome -->
  </suite> <!-- reg -->
</testng-results>
